<?xml version="1.0" encoding="UTF-8"?>
<!-- Generated by org.testng.reporters.JUnitReportReporter -->
<testsuite hostname="DESKTOP-QR0VDMM" failures="0" tests="1" name="sample.Tests.Demo" time="0.030" errors="0" timestamp="2022-10-17T17:46:29 IST" skipped="0">
  <testcase classname="sample.Tests.Demo" name="dmo" time="0.030"/>
  <system-out/>
</testsuite> <!-- sample.Tests.Demo -->
