<?xml version="1.0" encoding="UTF-8"?>
<!-- Generated by org.testng.reporters.JUnitReportReporter -->
<testsuite hostname="DESKTOP-QR0VDMM" failures="0" tests="4" name="sample.Tests.FlipkartTest" time="0.014" errors="0" timestamp="2022-10-20T07:15:04 IST" skipped="0">
  <testcase classname="sample.Tests.FlipkartTest" name="logout" time="0.001"/>
  <system-out/>
  <testcase classname="sample.Tests.FlipkartTest" name="login" time="0.001"/>
  <system-out/>
  <testcase classname="sample.Tests.FlipkartTest" name="addToCart" time="0.010"/>
  <system-out/>
  <testcase classname="sample.Tests.FlipkartTest" name="removeFromCart" time="0.002"/>
  <system-out/>
</testsuite> <!-- sample.Tests.FlipkartTest -->
