<?xml version="1.0" encoding="UTF-8"?>
<!-- Generated by org.testng.reporters.JUnitReportReporter -->
<testsuite hostname="DESKTOP-QR0VDMM" failures="0" tests="3" name="dataDrivenTesting.OrganizationTest" time="0.026" errors="0" timestamp="2022-11-15T12:51:14 IST" skipped="0">
  <testcase classname="dataDrivenTesting.OrganizationTest" name="deletOrg" time="0.004"/>
  <system-out/>
  <testcase classname="dataDrivenTesting.OrganizationTest" name="createOrgTest" time="0.017"/>
  <system-out/>
  <testcase classname="dataDrivenTesting.OrganizationTest" name="modifyOrg" time="0.005"/>
  <system-out/>
</testsuite> <!-- dataDrivenTesting.OrganizationTest -->
