<?xml version="1.0" encoding="UTF-8"?>
<!-- Generated by org.testng.reporters.JUnitReportReporter -->
<testsuite hostname="DESKTOP-QR0VDMM" failures="0" tests="3" name="dataDrivenTesting.ContactsTest" time="0.020" errors="0" timestamp="2022-11-24T06:58:48 IST" skipped="0">
  <testcase classname="dataDrivenTesting.ContactsTest" name="modifyContactTest" time="0.004"/>
  <system-out/>
  <testcase classname="dataDrivenTesting.ContactsTest" name="createConTest" time="0.012"/>
  <system-out/>
  <testcase classname="dataDrivenTesting.ContactsTest" name="deletTest" time="0.004"/>
  <system-out/>
</testsuite> <!-- dataDrivenTesting.ContactsTest -->
