<?xml version="1.0" encoding="UTF-8"?>
<!-- Generated by org.testng.reporters.JUnitReportReporter -->
<testsuite hostname="DESKTOP-QR0VDMM" failures="0" tests="1" name="dataDrivenTesting.ReadDataFromCmdLineTest" time="0.013" errors="0" timestamp="2022-11-17T10:06:20 IST" skipped="0">
  <testcase classname="dataDrivenTesting.ReadDataFromCmdLineTest" name="readData" time="0.013"/>
  <system-out/>
</testsuite> <!-- dataDrivenTesting.ReadDataFromCmdLineTest -->
