<?xml version="1.0" encoding="UTF-8"?>
<!-- Generated by org.testng.reporters.JUnitReportReporter -->
<testsuite hostname="DESKTOP-QR0VDMM" failures="0" tests="3" name="dataDrivenTesting.ContactsTest" time="0.071" errors="0" timestamp="2022-11-24T07:02:44 IST" skipped="0">
  <testcase classname="dataDrivenTesting.ContactsTest" name="deletTest" time="0.009"/>
  <system-out/>
  <testcase classname="dataDrivenTesting.ContactsTest" name="createConTest" time="0.060"/>
  <system-out/>
  <testcase classname="dataDrivenTesting.ContactsTest" name="modifyContactTest" time="0.002"/>
  <system-out/>
</testsuite> <!-- dataDrivenTesting.ContactsTest -->
