<?xml version="1.0" encoding="UTF-8"?>
<!-- Generated by org.testng.reporters.JUnitReportReporter -->
<testsuite hostname="DESKTOP-QR0VDMM" failures="0" tests="4" name="dataDrivenTesting.OrganizationTest" time="0.013" errors="0" timestamp="2022-10-22T07:14:21 IST" skipped="0">
  <testcase classname="dataDrivenTesting.OrganizationTest" name="deletOrg" time="0.001"/>
  <system-out/>
  <testcase classname="dataDrivenTesting.OrganizationTest" name="vtiger" time="0.002"/>
  <system-out/>
  <testcase classname="dataDrivenTesting.OrganizationTest" name="createOrgTest" time="0.009"/>
  <system-out/>
  <testcase classname="dataDrivenTesting.OrganizationTest" name="modifyOrg" time="0.001"/>
  <system-out/>
</testsuite> <!-- dataDrivenTesting.OrganizationTest -->
