<?xml version="1.0" encoding="UTF-8"?>
<!-- Generated by org.testng.reporters.JUnitReportReporter -->
<testsuite hostname="DESKTOP-QR0VDMM" failures="0" tests="1" name="sample.Tests.DemoTest" time="0.009" errors="0" timestamp="2022-10-19T11:30:58 IST" skipped="0">
  <testcase classname="sample.Tests.DemoTest" name="demo" time="0.009"/>
  <system-out/>
</testsuite> <!-- sample.Tests.DemoTest -->
